<?xml version="1.0" encoding="UTF-8"?>
<testng-results skipped="0" failed="0" ignored="0" total="1" passed="1">
  <reporter-output>
  </reporter-output>
  <suite name="Default suite" duration-ms="98449" started-at="2019-01-11T10:02:11Z" finished-at="2019-01-11T10:03:49Z">
    <groups>
    </groups>
    <test name="Default test" duration-ms="98449" started-at="2019-01-11T10:02:11Z" finished-at="2019-01-11T10:03:49Z">
      <class name="org.com.testng.Loginpage">
        <test-method status="PASS" signature="setup()[pri:0, instance:org.com.testng.Loginpage@6a4f787b]" name="setup" is-config="true" duration-ms="91620" started-at="2019-01-11T10:02:11Z" finished-at="2019-01-11T10:03:43Z">
          <reporter-output>
          </reporter-output>
        </test-method> <!-- setup -->
        <test-method status="PASS" signature="loginpage()[pri:0, instance:org.com.testng.Loginpage@6a4f787b]" name="loginpage" duration-ms="4052" started-at="2019-01-11T10:03:43Z" finished-at="2019-01-11T10:03:47Z">
          <reporter-output>
          </reporter-output>
        </test-method> <!-- loginpage -->
        <test-method status="PASS" signature="close()[pri:0, instance:org.com.testng.Loginpage@6a4f787b]" name="close" is-config="true" duration-ms="2679" started-at="2019-01-11T10:03:47Z" finished-at="2019-01-11T10:03:49Z">
          <reporter-output>
          </reporter-output>
        </test-method> <!-- close -->
      </class> <!-- org.com.testng.Loginpage -->
    </test> <!-- Default test -->
  </suite> <!-- Default suite -->
</testng-results>
